<?xml version="1.0" encoding="UTF-8"?>
<!-- Generated by org.testng.reporters.JUnitReportReporter -->
<testsuite hostname="DESKTOP-V235CD1" failures="0" tests="3" name="test10.StudentTableTest" time="15.728" errors="0" timestamp="2025-04-05T22:01:10 GMT+03:00" skipped="0">
  <testcase classname="test10.StudentTableTest" name="printRowsWherePassIsYes" time="5.200"/>
  <system-out/>
  <testcase classname="test10.StudentTableTest" name="printPassColumnValues" time="5.265"/>
  <system-out/>
  <testcase classname="test10.StudentTableTest" name="printPassValuesAndRowsWithYes" time="5.263"/>
  <system-out/>
</testsuite> <!-- test10.StudentTableTest -->
